  [1m[35m (638.1ms)[0m  [1m[35mCREATE DATABASE "TodoList_development" ENCODING = 'unicode'[0m
  ↳ bin/rails:9
  [1m[35m (266.8ms)[0m  [1m[35mCREATE DATABASE "TodoList_test" ENCODING = 'unicode'[0m
  ↳ bin/rails:9
  [1m[35m (115.7ms)[0m  [1m[35mCREATE TABLE "schema_migrations" ("version" character varying NOT NULL PRIMARY KEY)[0m
  ↳ bin/rails:9
  [1m[35m (4.4ms)[0m  [1m[35mCREATE TABLE "ar_internal_metadata" ("key" character varying NOT NULL PRIMARY KEY, "value" character varying, "created_at" timestamp NOT NULL, "updated_at" timestamp NOT NULL)[0m
  ↳ bin/rails:9
  [1m[35m (3.9ms)[0m  [1m[34mSELECT pg_try_advisory_lock(2824567156674037005)[0m
  ↳ bin/rails:9
  [1m[35m (1.1ms)[0m  [1m[34mSELECT "schema_migrations"."version" FROM "schema_migrations" ORDER BY "schema_migrations"."version" ASC[0m
  ↳ bin/rails:9
Migrating to CreateTodos (20181002224540)
  [1m[35m (0.2ms)[0m  [1m[35mBEGIN[0m
  ↳ bin/rails:9
  [1m[35m (33.2ms)[0m  [1m[35mCREATE TABLE "todos" ("id" bigserial primary key, "body" character varying NOT NULL, "title" character varying NOT NULL, "done" boolean DEFAULT FALSE NOT NULL, "created_at" timestamp NOT NULL, "updated_at" timestamp NOT NULL)[0m
  ↳ db/migrate/20181002224540_create_todos.rb:3
  [1m[36mActiveRecord::SchemaMigration Create (34.2ms)[0m  [1m[32mINSERT INTO "schema_migrations" ("version") VALUES ($1) RETURNING "version"[0m  [["version", "20181002224540"]]
  ↳ bin/rails:9
  [1m[35m (0.6ms)[0m  [1m[35mCOMMIT[0m
  ↳ bin/rails:9
  [1m[36mActiveRecord::InternalMetadata Load (6.3ms)[0m  [1m[34mSELECT  "ar_internal_metadata".* FROM "ar_internal_metadata" WHERE "ar_internal_metadata"."key" = $1 LIMIT $2[0m  [["key", "environment"], ["LIMIT", 1]]
  ↳ bin/rails:9
  [1m[35m (0.3ms)[0m  [1m[35mBEGIN[0m
  ↳ bin/rails:9
  [1m[36mActiveRecord::InternalMetadata Create (13.4ms)[0m  [1m[32mINSERT INTO "ar_internal_metadata" ("key", "value", "created_at", "updated_at") VALUES ($1, $2, $3, $4) RETURNING "key"[0m  [["key", "environment"], ["value", "development"], ["created_at", "2018-10-02 22:48:03.781887"], ["updated_at", "2018-10-02 22:48:03.781887"]]
  ↳ bin/rails:9
  [1m[35m (0.4ms)[0m  [1m[35mCOMMIT[0m
  ↳ bin/rails:9
  [1m[35m (0.3ms)[0m  [1m[34mSELECT pg_advisory_unlock(2824567156674037005)[0m
  ↳ bin/rails:9
  [1m[35m (17.9ms)[0m  [1m[34mSELECT "schema_migrations"."version" FROM "schema_migrations" ORDER BY "schema_migrations"."version" ASC[0m
  ↳ bin/rails:9
  [1m[35m (1.7ms)[0m  [1m[34mSELECT "schema_migrations"."version" FROM "schema_migrations" ORDER BY "schema_migrations"."version" ASC[0m
  ↳ /usr/local/var/rbenv/versions/2.5.0/bin/annotate:23
  [1m[35m (0.5ms)[0m  [1m[35mBEGIN[0m
  [1m[36mTodo Create (14.6ms)[0m  [1m[32mINSERT INTO "todos" ("body", "title", "created_at", "updated_at") VALUES ($1, $2, $3, $4) RETURNING "id"[0m  [["body", "whatEVERRR"], ["title", "whatever"], ["created_at", "2018-10-02 23:18:46.414060"], ["updated_at", "2018-10-02 23:18:46.414060"]]
  [1m[35m (40.9ms)[0m  [1m[35mCOMMIT[0m
  [1m[35m (0.3ms)[0m  [1m[35mBEGIN[0m
  [1m[35m (0.3ms)[0m  [1m[31mROLLBACK[0m
  [1m[35m (0.2ms)[0m  [1m[35mBEGIN[0m
  [1m[35m (0.2ms)[0m  [1m[31mROLLBACK[0m
  [1m[35m (0.2ms)[0m  [1m[35mBEGIN[0m
  [1m[36mTodo Create (0.7ms)[0m  [1m[32mINSERT INTO "todos" ("body", "title", "created_at", "updated_at") VALUES ($1, $2, $3, $4) RETURNING "id"[0m  [["body", "YES"], ["title", "NO"], ["created_at", "2018-10-02 23:20:01.067439"], ["updated_at", "2018-10-02 23:20:01.067439"]]
  [1m[35m (0.6ms)[0m  [1m[35mCOMMIT[0m
  [1m[35m (0.3ms)[0m  [1m[35mBEGIN[0m
  [1m[36mTodo Create (0.5ms)[0m  [1m[32mINSERT INTO "todos" ("body", "title", "done", "created_at", "updated_at") VALUES ($1, $2, $3, $4, $5) RETURNING "id"[0m  [["body", "YES"], ["title", "NO"], ["done", true], ["created_at", "2018-10-02 23:20:15.611223"], ["updated_at", "2018-10-02 23:20:15.611223"]]
  [1m[35m (0.5ms)[0m  [1m[35mCOMMIT[0m
Started GET "/" for 127.0.0.1 at 2018-10-02 16:35:54 -0700
  [1m[35m (1.0ms)[0m  [1m[34mSELECT "schema_migrations"."version" FROM "schema_migrations" ORDER BY "schema_migrations"."version" ASC[0m
  ↳ /usr/local/var/rbenv/versions/2.5.0/lib/ruby/gems/2.5.0/gems/activerecord-5.2.1/lib/active_record/log_subscriber.rb:98

SyntaxError - syntax error, unexpected end-of-input:
  app/controllers/static_pages_controller.rb:7:in `'

Started POST "/__better_errors/573e70a926288a50/variables" for 127.0.0.1 at 2018-10-02 16:35:55 -0700
Started GET "/" for 127.0.0.1 at 2018-10-02 16:36:41 -0700
Processing by StaticPagesController#root as HTML
  Rendering static_pages/root.html.erb within layouts/application
  Rendered static_pages/root.html.erb within layouts/application (2.2ms)
Completed 200 OK in 690ms (Views: 689.3ms | ActiveRecord: 0.0ms)


Started GET "/" for 127.0.0.1 at 2018-10-02 16:37:15 -0700
Processing by StaticPagesController#root as HTML
  Rendering static_pages/root.html.erb within layouts/application
  Rendered static_pages/root.html.erb within layouts/application (0.6ms)
Completed 200 OK in 37ms (Views: 36.8ms | ActiveRecord: 0.0ms)


Started GET "/api/todos" for 127.0.0.1 at 2018-10-02 16:38:55 -0700

SyntaxError - class/module name must be CONSTANT
class todosController < ApplicationController
                      ^:
  app/controllers/api/todos_controller.rb:1:in `'

Started GET "/api/todos" for 127.0.0.1 at 2018-10-02 16:40:06 -0700

SyntaxError - class/module name must be CONSTANT
class todosController < ApplicationController
                      ^:
  app/controllers/api/todos_controller.rb:1:in `'

Started GET "/" for 127.0.0.1 at 2018-10-02 17:01:21 -0700
Processing by StaticPagesController#root as HTML
  Rendering static_pages/root.html.erb within layouts/application
  Rendered static_pages/root.html.erb within layouts/application (1.3ms)
Completed 200 OK in 357ms (Views: 356.5ms | ActiveRecord: 0.0ms)


Started GET "/api/todos" for 127.0.0.1 at 2018-10-02 17:06:21 -0700

SyntaxError - class/module name must be CONSTANT
class todosController < ApplicationController
                      ^:
  app/controllers/api/todos_controller.rb:1:in `'

Started GET "/api/todos" for 127.0.0.1 at 2018-10-02 17:09:34 -0700
Processing by Api::TodosController#index as */*
Completed 500 Internal Server Error in 25ms (ActiveRecord: 0.0ms)



NameError - uninitialized constant Api::TodosController::Todos:
  app/controllers/api/todos_controller.rb:7:in `index'

Started GET "/" for 127.0.0.1 at 2018-10-02 17:10:01 -0700
Processing by StaticPagesController#root as HTML
  Rendering static_pages/root.html.erb within layouts/application
  Rendered static_pages/root.html.erb within layouts/application (14.6ms)
Completed 200 OK in 95ms (Views: 94.6ms | ActiveRecord: 0.0ms)


Started GET "/api/todos" for 127.0.0.1 at 2018-10-02 17:10:31 -0700

SyntaxError - class/module name must be CONSTANT
class todosController < ApplicationController
                      ^:
  app/controllers/api/todos_controller.rb:1:in `'

Started GET "/api/todos" for 127.0.0.1 at 2018-10-02 17:10:52 -0700

LoadError - Unable to autoload constant Api::TodosController, expected /Users/appacademy/Desktop/W7D2/TodoList/app/controllers/api/todos_controller.rb to define it:

Started GET "/" for 127.0.0.1 at 2018-10-02 17:11:09 -0700
Processing by StaticPagesController#root as HTML
  Rendering static_pages/root.html.erb within layouts/application
  Rendered static_pages/root.html.erb within layouts/application (0.4ms)
Completed 200 OK in 26ms (Views: 25.8ms | ActiveRecord: 0.0ms)


Started GET "/api/todos" for 127.0.0.1 at 2018-10-02 17:11:12 -0700

LoadError - Unable to autoload constant Api::TodosController, expected /Users/appacademy/Desktop/W7D2/TodoList/app/controllers/api/todos_controller.rb to define it:

Started GET "/" for 127.0.0.1 at 2018-10-02 17:11:48 -0700
Processing by StaticPagesController#root as HTML
  Rendering static_pages/root.html.erb within layouts/application
  Rendered static_pages/root.html.erb within layouts/application (0.6ms)
Completed 200 OK in 44ms (Views: 43.6ms | ActiveRecord: 0.0ms)


Started GET "/api/todos" for 127.0.0.1 at 2018-10-02 17:11:51 -0700
Processing by Api::TodosController#index as */*
Completed 500 Internal Server Error in 5ms (ActiveRecord: 0.0ms)



NameError - uninitialized constant Api::TodosController::Todos:
  app/controllers/api/todos_controller.rb:7:in `index'

Started GET "/" for 127.0.0.1 at 2018-10-02 17:15:40 -0700
Processing by StaticPagesController#root as HTML
  Rendering static_pages/root.html.erb within layouts/application
  Rendered static_pages/root.html.erb within layouts/application (0.9ms)
Completed 200 OK in 1287ms (Views: 1286.7ms | ActiveRecord: 0.0ms)


Started GET "/api/todos" for 127.0.0.1 at 2018-10-02 17:15:52 -0700
Processing by Api::TodosController#index as */*
Completed 500 Internal Server Error in 9ms (ActiveRecord: 0.0ms)



NameError - uninitialized constant Api::TodosController::Todos:
  app/controllers/api/todos_controller.rb:7:in `index'

Started GET "/" for 127.0.0.1 at 2018-10-02 17:19:17 -0700
  [1m[35m (19.5ms)[0m  [1m[34mSELECT "schema_migrations"."version" FROM "schema_migrations" ORDER BY "schema_migrations"."version" ASC[0m
  ↳ /usr/local/var/rbenv/versions/2.5.0/lib/ruby/gems/2.5.0/gems/activerecord-5.2.1/lib/active_record/log_subscriber.rb:98
Processing by StaticPagesController#root as HTML
  Rendering static_pages/root.html.erb within layouts/application
  Rendered static_pages/root.html.erb within layouts/application (1.6ms)
Completed 200 OK in 468ms (Views: 467.2ms | ActiveRecord: 0.0ms)


Started GET "/api/todos" for 127.0.0.1 at 2018-10-02 17:19:20 -0700
Processing by Api::TodosController#index as */*
Completed 500 Internal Server Error in 5ms (ActiveRecord: 0.0ms)



NameError - uninitialized constant Api::TodosController::Todos:
  app/controllers/api/todos_controller.rb:7:in `index'

Started GET "/api/todos" for 127.0.0.1 at 2018-10-02 17:20:25 -0700
Started GET "/" for 127.0.0.1 at 2018-10-02 17:20:35 -0700
Processing by Api::TodosController#index as */*
  [1m[36mTodo Load (26.2ms)[0m  [1m[34mSELECT "todos".* FROM "todos"[0m
  ↳ app/controllers/api/todos_controller.rb:7
Completed 200 OK in 150ms (Views: 56.8ms | ActiveRecord: 38.1ms)


Processing by StaticPagesController#root as HTML
  Rendering static_pages/root.html.erb within layouts/application
  Rendered static_pages/root.html.erb within layouts/application (0.6ms)
Completed 200 OK in 78ms (Views: 78.1ms | ActiveRecord: 0.0ms)


Started GET "/api/todos" for 127.0.0.1 at 2018-10-02 17:20:38 -0700
Processing by Api::TodosController#index as */*
  [1m[36mTodo Load (0.4ms)[0m  [1m[34mSELECT "todos".* FROM "todos"[0m
  ↳ app/controllers/api/todos_controller.rb:7
Completed 200 OK in 19ms (Views: 9.4ms | ActiveRecord: 7.5ms)


  [1m[35m (0.3ms)[0m  [1m[35mBEGIN[0m
  [1m[36mTodo Create (15.0ms)[0m  [1m[32mINSERT INTO "todos" ("body", "title", "created_at", "updated_at") VALUES ($1, $2, $3, $4) RETURNING "id"[0m  [["body", "goodbye"], ["title", "hello"], ["created_at", "2018-10-03 00:22:26.868130"], ["updated_at", "2018-10-03 00:22:26.868130"]]
  [1m[35m (48.8ms)[0m  [1m[35mCOMMIT[0m
Started GET "/api/todos" for 127.0.0.1 at 2018-10-02 17:22:34 -0700
Processing by Api::TodosController#index as */*
  [1m[36mTodo Load (0.4ms)[0m  [1m[34mSELECT "todos".* FROM "todos"[0m
  ↳ app/controllers/api/todos_controller.rb:7
Completed 200 OK in 15ms (Views: 7.1ms | ActiveRecord: 6.3ms)


Started POST "/api/todos" for 127.0.0.1 at 2018-10-02 17:23:15 -0700
Processing by Api::TodosController#create as */*
Completed 400 Bad Request in 1ms (ActiveRecord: 0.0ms)



ActionController::ParameterMissing - param is missing or the value is empty: todo:
  app/controllers/api/todos_controller.rb:27:in `todo_params'
  app/controllers/api/todos_controller.rb:11:in `create'

Started POST "/api/todos" for 127.0.0.1 at 2018-10-02 17:24:02 -0700
Processing by Api::TodosController#create as */*
  Parameters: {"title"=>"data", "body"=>"sucks"}
Completed 400 Bad Request in 2ms (ActiveRecord: 0.0ms)



ActionController::ParameterMissing - param is missing or the value is empty: todo:
  app/controllers/api/todos_controller.rb:27:in `todo_params'
  app/controllers/api/todos_controller.rb:11:in `create'

Started POST "/api/todos" for 127.0.0.1 at 2018-10-02 17:24:40 -0700
Processing by Api::TodosController#create as */*
  Parameters: {"todo"=>{"title"=>"data", "body"=>"sucks"}}
  [1m[35m (0.3ms)[0m  [1m[35mBEGIN[0m
  ↳ app/controllers/api/todos_controller.rb:12
  [1m[36mTodo Create (0.9ms)[0m  [1m[32mINSERT INTO "todos" ("body", "title", "created_at", "updated_at") VALUES ($1, $2, $3, $4) RETURNING "id"[0m  [["body", "sucks"], ["title", "data"], ["created_at", "2018-10-03 00:24:40.206371"], ["updated_at", "2018-10-03 00:24:40.206371"]]
  ↳ app/controllers/api/todos_controller.rb:12
  [1m[35m (44.3ms)[0m  [1m[35mCOMMIT[0m
  ↳ app/controllers/api/todos_controller.rb:12
Completed 200 OK in 53ms (Views: 0.7ms | ActiveRecord: 45.4ms)


Started GET "/api/todos" for 127.0.0.1 at 2018-10-02 17:24:47 -0700
Processing by Api::TodosController#index as */*
  [1m[36mTodo Load (0.4ms)[0m  [1m[34mSELECT "todos".* FROM "todos"[0m
  ↳ app/controllers/api/todos_controller.rb:7
Completed 200 OK in 2ms (Views: 1.8ms | ActiveRecord: 0.4ms)


